Arguments: 
  /opt/homebrew/Cellar/node/20.5.0/bin/node /opt/homebrew/bin/yarn add mockjs --save-dev

PATH: 
  /opt/homebrew/bin:/opt/homebrew/sbin:/usr/local/bin:/usr/bin:/bin:/usr/sbin:/sbin:/Users/idcos/Library/pnpm:/opt/homebrew/bin:/opt/homebrew/sbin

Yarn version: 
  1.22.19

Node version: 
  20.5.0

Platform: 
  darwin arm64

Trace: 
  Error: http://maven.idcos.com/repository/npm-idcos/mockjs: ETIMEDOUT
      at Timeout._onTimeout (/opt/homebrew/lib/node_modules/yarn/lib/cli.js:141550:19)
      at listOnTimeout (node:internal/timers:573:17)
      at process.processTimers (node:internal/timers:514:7)

npm manifest: 
  No manifest

yarn manifest: 
  No manifest

Lockfile: 
  No lockfile
